# JRE version: Java(TM) SE Runtime Environment (8.0_191-b12) (build 1.8.0_191-b12)
# Java VM: Java HotSpot(TM) Client VM (25.191-b12 mixed mode windows-x86 )
Heap:
 def new generation   total 157248K, used 157248K [0x05c00000, 0x106a0000, 0x106a0000)
  eden space 139776K, 100% used [0x05c00000, 0x0e480000, 0x0e480000)
  from space 17472K, 100% used [0x0f590000, 0x106a0000, 0x106a0000)
  to   space 17472K,   0% used [0x0e480000, 0x0e480000, 0x0f590000)
 tenured generation   total 349568K, used 349568K [0x106a0000, 0x25c00000, 0x25c00000)
   the space 349568K, 100% used [0x106a0000, 0x25c00000, 0x25c00000, 0x25c00000)
 Metaspace       used 26430K, capacity 27132K, committed 27392K, reserved 28032K
GC Heap History (10 events):
Event: 8654.340 GC heap before
{Heap before GC invocations=198 (full 131):
 def new generation   total 157248K, used 157247K [0x05c00000, 0x106a0000, 0x106a0000)
  eden space 139776K, 100% used [0x05c00000, 0x0e480000, 0x0e480000)
  from space 17472K,  99% used [0x0f590000, 0x1069ff48, 0x106a0000)
  to   space 17472K,   0% used [0x0e480000, 0x0e480000, 0x0f590000)
 tenured generation   total 349568K, used 349568K [0x106a0000, 0x25c00000, 0x25c00000)
   the space 349568K, 100% used [0x106a0000, 0x25c00000, 0x25c00000, 0x25c00000)
 Metaspace       used 26430K, capacity 27132K, committed 27392K, reserved 28032K
Event: 8654.904 GC heap after
Heap after GC invocations=199 (full 132):
 def new generation   total 157248K, used 157246K [0x05c00000, 0x106a0000, 0x106a0000)
  eden space 139776K, 100% used [0x05c00000, 0x0e480000, 0x0e480000)
  from space 17472K,  99% used [0x0f590000, 0x1069fb08, 0x106a0000)
  to   space 17472K,   0% used [0x0e480000, 0x0e480000, 0x0f590000)
 tenured generation   total 349568K, used 349568K [0x106a0000, 0x25c00000, 0x25c00000)
   the space 349568K, 100% used [0x106a0000, 0x25c00000, 0x25c00000, 0x25c00000)
 Metaspace       used 26430K, capacity 27132K, committed 27392K, reserved 28032K
}
Event: 8654.904 GC heap before
{Heap before GC invocations=199 (full 132):
 def new generation   total 157248K, used 157247K [0x05c00000, 0x106a0000, 0x106a0000)
  eden space 139776K, 100% used [0x05c00000, 0x0e480000, 0x0e480000)
  from space 17472K,  99% used [0x0f590000, 0x1069ffd8, 0x106a0000)
  to   space 17472K,   0% used [0x0e480000, 0x0e480000, 0x0f590000)
 tenured generation   total 349568K, used 349568K [0x106a0000, 0x25c00000, 0x25c00000)
   the space 349568K, 100% used [0x106a0000, 0x25c00000, 0x25c00000, 0x25c00000)
 Metaspace       used 26430K, capacity 27132K, committed 27392K, reserved 28032K
Event: 8655.549 GC heap after
Heap after GC invocations=200 (full 133):
 def new generation   total 157248K, used 157246K [0x05c00000, 0x106a0000, 0x106a0000)
  eden space 139776K, 100% used [0x05c00000, 0x0e480000, 0x0e480000)
  from space 17472K,  99% used [0x0f590000, 0x1069fb58, 0x106a0000)
  to   space 17472K,   0% used [0x0e480000, 0x0e480000, 0x0f590000)
 tenured generation   total 349568K, used 349568K [0x106a0000, 0x25c00000, 0x25c00000)
   the space 349568K, 100% used [0x106a0000, 0x25c00000, 0x25c00000, 0x25c00000)
 Metaspace       used 26430K, capacity 27132K, committed 27392K, reserved 28032K
}
Event: 8655.550 GC heap before
{Heap before GC invocations=200 (full 133):
 def new generation   total 157248K, used 157247K [0x05c00000, 0x106a0000, 0x106a0000)
  eden space 139776K, 100% used [0x05c00000, 0x0e480000, 0x0e480000)
  from space 17472K,  99% used [0x0f590000, 0x1069ffe8, 0x106a0000)
  to   space 17472K,   0% used [0x0e480000, 0x0e480000, 0x0f590000)
 tenured generation   total 349568K, used 349568K [0x106a0000, 0x25c00000, 0x25c00000)
   the space 349568K, 100% used [0x106a0000, 0x25c00000, 0x25c00000, 0x25c00000)
 Metaspace       used 26430K, capacity 27132K, committed 27392K, reserved 28032K
Event: 8656.194 GC heap after
Heap after GC invocations=201 (full 134):
 def new generation   total 157248K, used 157178K [0x05c00000, 0x106a0000, 0x106a0000)
  eden space 139776K, 100% used [0x05c00000, 0x0e480000, 0x0e480000)
  from space 17472K,  99% used [0x0f590000, 0x1068e9e0, 0x106a0000)
  to   space 17472K,   0% used [0x0e480000, 0x0e480000, 0x0f590000)
 tenured generation   total 349568K, used 349568K [0x106a0000, 0x25c00000, 0x25c00000)
   the space 349568K, 100% used [0x106a0000, 0x25c00000, 0x25c00000, 0x25c00000)
 Metaspace       used 26430K, capacity 27132K, committed 27392K, reserved 28032K
}
Event: 8656.194 GC heap before
{Heap before GC invocations=201 (full 134):
 def new generation   total 157248K, used 157201K [0x05c00000, 0x106a0000, 0x106a0000)
  eden space 139776K, 100% used [0x05c00000, 0x0e480000, 0x0e480000)
  from space 17472K,  99% used [0x0f590000, 0x10694520, 0x106a0000)
  to   space 17472K,   0% used [0x0e480000, 0x0e480000, 0x0f590000)
 tenured generation   total 349568K, used 349568K [0x106a0000, 0x25c00000, 0x25c00000)
   the space 349568K, 100% used [0x106a0000, 0x25c00000, 0x25c00000, 0x25c00000)
 Metaspace       used 26430K, capacity 27132K, committed 27392K, reserved 28032K
Event: 8656.756 GC heap after
Heap after GC invocations=202 (full 135):
 def new generation   total 157248K, used 157191K [0x05c00000, 0x106a0000, 0x106a0000)
  eden space 139776K, 100% used [0x05c00000, 0x0e480000, 0x0e480000)
  from space 17472K,  99% used [0x0f590000, 0x10691f20, 0x106a0000)
  to   space 17472K,   0% used [0x0e480000, 0x0e480000, 0x0f590000)
 tenured generation   total 349568K, used 349568K [0x106a0000, 0x25c00000, 0x25c00000)
   the space 349568K, 100% used [0x106a0000, 0x25c00000, 0x25c00000, 0x25c00000)
 Metaspace       used 26430K, capacity 27132K, committed 27392K, reserved 28032K
}
Event: 8656.756 GC heap before
{Heap before GC invocations=202 (full 135):
 def new generation   total 157248K, used 157191K [0x05c00000, 0x106a0000, 0x106a0000)
  eden space 139776K, 100% used [0x05c00000, 0x0e480000, 0x0e480000)
  from space 17472K,  99% used [0x0f590000, 0x10691f20, 0x106a0000)
  to   space 17472K,   0% used [0x0e480000, 0x0e480000, 0x0f590000)
 tenured generation   total 349568K, used 349568K [0x106a0000, 0x25c00000, 0x25c00000)
   the space 349568K, 100% used [0x106a0000, 0x25c00000, 0x25c00000, 0x25c00000)
 Metaspace       used 26430K, capacity 27132K, committed 27392K, reserved 28032K
Event: 8657.319 GC heap after
Heap after GC invocations=203 (full 136):
 def new generation   total 157248K, used 157191K [0x05c00000, 0x106a0000, 0x106a0000)
  eden space 139776K, 100% used [0x05c00000, 0x0e480000, 0x0e480000)
  from space 17472K,  99% used [0x0f590000, 0x10691f20, 0x106a0000)
  to   space 17472K,   0% used [0x0e480000, 0x0e480000, 0x0f590000)
 tenured generation   total 349568K, used 349568K [0x106a0000, 0x25c00000, 0x25c00000)
   the space 349568K, 100% used [0x106a0000, 0x25c00000, 0x25c00000, 0x25c00000)
 Metaspace       used 26430K, capacity 27132K, committed 27392K, reserved 28032K
}

